warning: `VIRTUAL_ENV=/lustre06/project/6085198/caua/SAM-TSS/.venv` does not match the project environment path `.venv` and will be ignored; use `--active` to target the active environment instead
/lustre06/project/6085198/caua/sam-tss/.venv/lib64/python3.9/site-packages/torch/distributed/distributed_c10d.py:4807: UserWarning: No device id is provided via `init_process_group` or `barrier `. Using the current device set by the user. 
  warnings.warn(  # warn only once
[rank0]:[W304 18:14:06.669353404 ProcessGroupNCCL.cpp:1538] Warning: WARNING: destroy_process_group() was not called before program exit, which can leak resources. For more info, please see https://pytorch.org/docs/stable/distributed.html#shutdown (function operator())
Traceback (most recent call last):
  File "/lustre06/project/6085198/caua/sam-tss/src/sam_tss/main.py", line 182, in <module>
    main(args)
  File "/lustre06/project/6085198/caua/sam-tss/src/sam_tss/main.py", line 60, in main
    mp.spawn(process, nprocs=args.gpus, args=(args, ))
  File "/lustre06/project/6085198/caua/sam-tss/.venv/lib64/python3.9/site-packages/torch/multiprocessing/spawn.py", line 340, in spawn
    return start_processes(fn, args, nprocs, join, daemon, start_method="spawn")
  File "/lustre06/project/6085198/caua/sam-tss/.venv/lib64/python3.9/site-packages/torch/multiprocessing/spawn.py", line 296, in start_processes
    while not context.join():
  File "/lustre06/project/6085198/caua/sam-tss/.venv/lib64/python3.9/site-packages/torch/multiprocessing/spawn.py", line 215, in join
    raise ProcessRaisedException(msg, error_index, failed_process.pid)
torch.multiprocessing.spawn.ProcessRaisedException: 

-- Process 0 terminated with the following error:
Traceback (most recent call last):
  File "/lustre06/project/6085198/caua/sam-tss/.venv/lib64/python3.9/site-packages/torch/multiprocessing/spawn.py", line 90, in _wrap
    fn(i, *args)
  File "/lustre06/project/6085198/caua/sam-tss/src/sam_tss/main.py", line 54, in process
    routines.train(args, board, saver, model, gpu, rank, checkpoint)
  File "/lustre06/project/6085198/caua/sam-tss/src/sam_tss/routines.py", line 230, in train
    step, mean_iou_train, mean_loss_train = epoch_routine(
  File "/lustre06/project/6085198/caua/sam-tss/src/sam_tss/routines.py", line 93, in epoch_routine
    model(images, thermals, step, epoch)
  File "/lustre06/project/6085198/caua/sam-tss/.venv/lib64/python3.9/site-packages/torch/nn/modules/module.py", line 1773, in _wrapped_call_impl
    return self._call_impl(*args, **kwargs)
  File "/lustre06/project/6085198/caua/sam-tss/.venv/lib64/python3.9/site-packages/torch/nn/modules/module.py", line 1784, in _call_impl
    return forward_call(*args, **kwargs)
  File "/lustre06/project/6085198/caua/sam-tss/.venv/lib64/python3.9/site-packages/torch/nn/parallel/distributed.py", line 1648, in forward
    else self._run_ddp_forward(*inputs, **kwargs)
  File "/lustre06/project/6085198/caua/sam-tss/.venv/lib64/python3.9/site-packages/torch/nn/parallel/distributed.py", line 1474, in _run_ddp_forward
    return self.module(*inputs, **kwargs)  # type: ignore[index]
  File "/lustre06/project/6085198/caua/sam-tss/.venv/lib64/python3.9/site-packages/torch/nn/modules/module.py", line 1773, in _wrapped_call_impl
    return self._call_impl(*args, **kwargs)
  File "/lustre06/project/6085198/caua/sam-tss/.venv/lib64/python3.9/site-packages/torch/nn/modules/module.py", line 1784, in _call_impl
    return forward_call(*args, **kwargs)
  File "/lustre06/project/6085198/caua/sam-tss/src/sam_tss/models/rtmvss_1.py", line 159, in forward
    return self._forward_internal(imgs, depths, is_mem=is_mem, is_training=is_training, current_ti=step)
  File "/lustre06/project/6085198/caua/sam-tss/src/sam_tss/models/rtmvss_1.py", line 174, in _forward_internal
    feats_img, feats_d = self.sam2_image_encoder(imgs, d_proj)
  File "/lustre06/project/6085198/caua/sam-tss/src/sam_tss/models/rtmvss_1.py", line 559, in sam2_image_encoder
    feats_rgb = self.prepare_backbone_features(feats_rgb, batch_size)
  File "/lustre06/project/6085198/caua/sam-tss/src/sam_tss/models/rtmvss_1.py", line 590, in prepare_backbone_features
    feats = [
  File "/lustre06/project/6085198/caua/sam-tss/src/sam_tss/models/rtmvss_1.py", line 591, in <listcomp>
    feat.permute(1, 2, 0).view(batch_size, -1, *feat_size).contiguous()
RuntimeError: shape '[8, -1, 256, 256]' is invalid for input of size 2457600

