Starting RTMVSS training at Sat Mar  7 16:17:56 EST 2026
Job ID: 57463891
Running on host: ng20202
GPUs available: 0
Loaded model file:  src/sam_tss/models/rtmvss_1.py
Loading RTMVSS checkpoint:  ./src/sam_tss/weights/dvisal.pt
Loading SAM2 checkpoint:  ./src/sam_tss/models/sam2/sam2.1_hiera_large.pt
Loaded merged weights: SAM2 + RTMVSS checkpoint
Optimized parameters:
module.class_query
module.encoder_adapter0.0.weight
module.encoder_adapter0.0.bias
module.encoder_adapter0.2.weight
module.encoder_adapter0.2.bias
module.encoder_adapter0_.0.weight
module.encoder_adapter0_.0.bias
module.encoder_adapter0_.2.weight
module.encoder_adapter0_.2.bias
module.encoder_adapter1.fc_up.weight
module.encoder_adapter1.fc_up.bias
module.encoder_adapter1.fc_down.weight
module.encoder_adapter1.fc_down.bias
module.encoder_adapter1.skip.weight
module.encoder_adapter1.skip.bias
module.encoder_adapter2.fc_up.weight
module.encoder_adapter2.fc_up.bias
module.encoder_adapter2.fc_down.weight
module.encoder_adapter2.fc_down.bias
module.encoder_adapter2.skip.weight
module.encoder_adapter2.skip.bias
module.encoder_adapter3.fc_up.weight
module.encoder_adapter3.fc_up.bias
module.encoder_adapter3.fc_down.weight
module.encoder_adapter3.fc_down.bias
module.encoder_adapter3.skip.weight
module.encoder_adapter3.skip.bias
module.encoder_adapter4.fc_up.weight
module.encoder_adapter4.fc_up.bias
module.encoder_adapter4.fc_down.weight
module.encoder_adapter4.fc_down.bias
module.encoder_adapter4.skip.weight
module.encoder_adapter4.skip.bias
module.mixer0.0.weight
module.mixer0.0.bias
module.mixer0.2.weight
module.mixer0.2.bias
module.mixer0.4.weight
module.mixer0.4.bias
module.mixer1.0.weight
module.mixer1.0.bias
module.mixer1.2.weight
module.mixer1.2.bias
module.mixer1.4.weight
module.mixer1.4.bias
module.mixer2.0.weight
module.mixer2.0.bias
module.mixer2.2.weight
module.mixer2.2.bias
module.mixer2.4.weight
module.mixer2.4.bias
module.sam2.maskmem_tpos_enc
module.sam2.no_mem_embed
module.sam2.no_mem_pos_enc
module.sam2.no_obj_ptr
module.sam2.no_obj_embed_spatial
module.sam2.image_encoder.trunk.pos_embed
module.sam2.image_encoder.trunk.pos_embed_window
module.sam2.image_encoder.trunk.patch_embed.proj.weight
module.sam2.image_encoder.trunk.patch_embed.proj.bias
module.sam2.image_encoder.trunk.blocks.0.norm1.weight
module.sam2.image_encoder.trunk.blocks.0.norm1.bias
module.sam2.image_encoder.trunk.blocks.0.attn.qkv.weight
module.sam2.image_encoder.trunk.blocks.0.attn.qkv.bias
module.sam2.image_encoder.trunk.blocks.0.attn.proj.weight
module.sam2.image_encoder.trunk.blocks.0.attn.proj.bias
module.sam2.image_encoder.trunk.blocks.0.norm2.weight
module.sam2.image_encoder.trunk.blocks.0.norm2.bias
module.sam2.image_encoder.trunk.blocks.0.mlp.layers.0.weight
module.sam2.image_encoder.trunk.blocks.0.mlp.layers.0.bias
module.sam2.image_encoder.trunk.blocks.0.mlp.layers.1.weight
module.sam2.image_encoder.trunk.blocks.0.mlp.layers.1.bias
module.sam2.image_encoder.trunk.blocks.1.norm1.weight
module.sam2.image_encoder.trunk.blocks.1.norm1.bias
module.sam2.image_encoder.trunk.blocks.1.attn.qkv.weight
module.sam2.image_encoder.trunk.blocks.1.attn.qkv.bias
module.sam2.image_encoder.trunk.blocks.1.attn.proj.weight
module.sam2.image_encoder.trunk.blocks.1.attn.proj.bias
module.sam2.image_encoder.trunk.blocks.1.norm2.weight
module.sam2.image_encoder.trunk.blocks.1.norm2.bias
module.sam2.image_encoder.trunk.blocks.1.mlp.layers.0.weight
module.sam2.image_encoder.trunk.blocks.1.mlp.layers.0.bias
module.sam2.image_encoder.trunk.blocks.1.mlp.layers.1.weight
module.sam2.image_encoder.trunk.blocks.1.mlp.layers.1.bias
module.sam2.image_encoder.trunk.blocks.2.norm1.weight
module.sam2.image_encoder.trunk.blocks.2.norm1.bias
module.sam2.image_encoder.trunk.blocks.2.attn.qkv.weight
module.sam2.image_encoder.trunk.blocks.2.attn.qkv.bias
module.sam2.image_encoder.trunk.blocks.2.attn.proj.weight
module.sam2.image_encoder.trunk.blocks.2.attn.proj.bias
module.sam2.image_encoder.trunk.blocks.2.norm2.weight
module.sam2.image_encoder.trunk.blocks.2.norm2.bias
module.sam2.image_encoder.trunk.blocks.2.mlp.layers.0.weight
module.sam2.image_encoder.trunk.blocks.2.mlp.layers.0.bias
module.sam2.image_encoder.trunk.blocks.2.mlp.layers.1.weight
module.sam2.image_encoder.trunk.blocks.2.mlp.layers.1.bias
module.sam2.image_encoder.trunk.blocks.2.proj.weight
module.sam2.image_encoder.trunk.blocks.2.proj.bias
module.sam2.image_encoder.trunk.blocks.3.norm1.weight
module.sam2.image_encoder.trunk.blocks.3.norm1.bias
module.sam2.image_encoder.trunk.blocks.3.attn.qkv.weight
module.sam2.image_encoder.trunk.blocks.3.attn.qkv.bias
module.sam2.image_encoder.trunk.blocks.3.attn.proj.weight
module.sam2.image_encoder.trunk.blocks.3.attn.proj.bias
module.sam2.image_encoder.trunk.blocks.3.norm2.weight
module.sam2.image_encoder.trunk.blocks.3.norm2.bias
module.sam2.image_encoder.trunk.blocks.3.mlp.layers.0.weight
module.sam2.image_encoder.trunk.blocks.3.mlp.layers.0.bias
module.sam2.image_encoder.trunk.blocks.3.mlp.layers.1.weight
module.sam2.image_encoder.trunk.blocks.3.mlp.layers.1.bias
module.sam2.image_encoder.trunk.blocks.4.norm1.weight
module.sam2.image_encoder.trunk.blocks.4.norm1.bias
module.sam2.image_encoder.trunk.blocks.4.attn.qkv.weight
module.sam2.image_encoder.trunk.blocks.4.attn.qkv.bias
module.sam2.image_encoder.trunk.blocks.4.attn.proj.weight
module.sam2.image_encoder.trunk.blocks.4.attn.proj.bias
module.sam2.image_encoder.trunk.blocks.4.norm2.weight
module.sam2.image_encoder.trunk.blocks.4.norm2.bias
module.sam2.image_encoder.trunk.blocks.4.mlp.layers.0.weight
module.sam2.image_encoder.trunk.blocks.4.mlp.layers.0.bias
module.sam2.image_encoder.trunk.blocks.4.mlp.layers.1.weight
module.sam2.image_encoder.trunk.blocks.4.mlp.layers.1.bias
module.sam2.image_encoder.trunk.blocks.5.norm1.weight
module.sam2.image_encoder.trunk.blocks.5.norm1.bias
module.sam2.image_encoder.trunk.blocks.5.attn.qkv.weight
module.sam2.image_encoder.trunk.blocks.5.attn.qkv.bias
module.sam2.image_encoder.trunk.blocks.5.attn.proj.weight
module.sam2.image_encoder.trunk.blocks.5.attn.proj.bias
module.sam2.image_encoder.trunk.blocks.5.norm2.weight
module.sam2.image_encoder.trunk.blocks.5.norm2.bias
module.sam2.image_encoder.trunk.blocks.5.mlp.layers.0.weight
module.sam2.image_encoder.trunk.blocks.5.mlp.layers.0.bias
module.sam2.image_encoder.trunk.blocks.5.mlp.layers.1.weight
module.sam2.image_encoder.trunk.blocks.5.mlp.layers.1.bias
module.sam2.image_encoder.trunk.blocks.6.norm1.weight
module.sam2.image_encoder.trunk.blocks.6.norm1.bias
module.sam2.image_encoder.trunk.blocks.6.attn.qkv.weight
module.sam2.image_encoder.trunk.blocks.6.attn.qkv.bias
module.sam2.image_encoder.trunk.blocks.6.attn.proj.weight
module.sam2.image_encoder.trunk.blocks.6.attn.proj.bias
module.sam2.image_encoder.trunk.blocks.6.norm2.weight
module.sam2.image_encoder.trunk.blocks.6.norm2.bias
module.sam2.image_encoder.trunk.blocks.6.mlp.layers.0.weight
module.sam2.image_encoder.trunk.blocks.6.mlp.layers.0.bias
module.sam2.image_encoder.trunk.blocks.6.mlp.layers.1.weight
module.sam2.image_encoder.trunk.blocks.6.mlp.layers.1.bias
module.sam2.image_encoder.trunk.blocks.7.norm1.weight
module.sam2.image_encoder.trunk.blocks.7.norm1.bias
module.sam2.image_encoder.trunk.blocks.7.attn.qkv.weight
module.sam2.image_encoder.trunk.blocks.7.attn.qkv.bias
module.sam2.image_encoder.trunk.blocks.7.attn.proj.weight
module.sam2.image_encoder.trunk.blocks.7.attn.proj.bias
module.sam2.image_encoder.trunk.blocks.7.norm2.weight
module.sam2.image_encoder.trunk.blocks.7.norm2.bias
module.sam2.image_encoder.trunk.blocks.7.mlp.layers.0.weight
module.sam2.image_encoder.trunk.blocks.7.mlp.layers.0.bias
module.sam2.image_encoder.trunk.blocks.7.mlp.layers.1.weight
module.sam2.image_encoder.trunk.blocks.7.mlp.layers.1.bias
module.sam2.image_encoder.trunk.blocks.8.norm1.weight
module.sam2.image_encoder.trunk.blocks.8.norm1.bias
module.sam2.image_encoder.trunk.blocks.8.attn.qkv.weight
module.sam2.image_encoder.trunk.blocks.8.attn.qkv.bias
module.sam2.image_encoder.trunk.blocks.8.attn.proj.weight
module.sam2.image_encoder.trunk.blocks.8.attn.proj.bias
module.sam2.image_encoder.trunk.blocks.8.norm2.weight
module.sam2.image_encoder.trunk.blocks.8.norm2.bias
module.sam2.image_encoder.trunk.blocks.8.mlp.layers.0.weight
module.sam2.image_encoder.trunk.blocks.8.mlp.layers.0.bias
module.sam2.image_encoder.trunk.blocks.8.mlp.layers.1.weight
module.sam2.image_encoder.trunk.blocks.8.mlp.layers.1.bias
module.sam2.image_encoder.trunk.blocks.8.proj.weight
module.sam2.image_encoder.trunk.blocks.8.proj.bias
module.sam2.image_encoder.trunk.blocks.9.norm1.weight
module.sam2.image_encoder.trunk.blocks.9.norm1.bias
module.sam2.image_encoder.trunk.blocks.9.attn.qkv.weight
module.sam2.image_encoder.trunk.blocks.9.attn.qkv.bias
module.sam2.image_encoder.trunk.blocks.9.attn.proj.weight
module.sam2.image_encoder.trunk.blocks.9.attn.proj.bias
module.sam2.image_encoder.trunk.blocks.9.norm2.weight
module.sam2.image_encoder.trunk.blocks.9.norm2.bias
module.sam2.image_encoder.trunk.blocks.9.mlp.layers.0.weight
module.sam2.image_encoder.trunk.blocks.9.mlp.layers.0.bias
module.sam2.image_encoder.trunk.blocks.9.mlp.layers.1.weight
module.sam2.image_encoder.trunk.blocks.9.mlp.layers.1.bias
module.sam2.image_encoder.trunk.blocks.10.norm1.weight
module.sam2.image_encoder.trunk.blocks.10.norm1.bias
module.sam2.image_encoder.trunk.blocks.10.attn.qkv.weight
module.sam2.image_encoder.trunk.blocks.10.attn.qkv.bias
module.sam2.image_encoder.trunk.blocks.10.attn.proj.weight
module.sam2.image_encoder.trunk.blocks.10.attn.proj.bias
module.sam2.image_encoder.trunk.blocks.10.norm2.weight
module.sam2.image_encoder.trunk.blocks.10.norm2.bias
module.sam2.image_encoder.trunk.blocks.10.mlp.layers.0.weight
module.sam2.image_encoder.trunk.blocks.10.mlp.layers.0.bias
module.sam2.image_encoder.trunk.blocks.10.mlp.layers.1.weight
module.sam2.image_encoder.trunk.blocks.10.mlp.layers.1.bias
module.sam2.image_encoder.trunk.blocks.11.norm1.weight
module.sam2.image_encoder.trunk.blocks.11.norm1.bias
module.sam2.image_encoder.trunk.blocks.11.attn.qkv.weight
module.sam2.image_encoder.trunk.blocks.11.attn.qkv.bias
module.sam2.image_encoder.trunk.blocks.11.attn.proj.weight
module.sam2.image_encoder.trunk.blocks.11.attn.proj.bias
module.sam2.image_encoder.trunk.blocks.11.norm2.weight
module.sam2.image_encoder.trunk.blocks.11.norm2.bias
module.sam2.image_encoder.trunk.blocks.11.mlp.layers.0.weight
module.sam2.image_encoder.trunk.blocks.11.mlp.layers.0.bias
module.sam2.image_encoder.trunk.blocks.11.mlp.layers.1.weight
module.sam2.image_encoder.trunk.blocks.11.mlp.layers.1.bias
module.sam2.image_encoder.trunk.blocks.12.norm1.weight
module.sam2.image_encoder.trunk.blocks.12.norm1.bias
module.sam2.image_encoder.trunk.blocks.12.attn.qkv.weight
module.sam2.image_encoder.trunk.blocks.12.attn.qkv.bias
module.sam2.image_encoder.trunk.blocks.12.attn.proj.weight
module.sam2.image_encoder.trunk.blocks.12.attn.proj.bias
module.sam2.image_encoder.trunk.blocks.12.norm2.weight
module.sam2.image_encoder.trunk.blocks.12.norm2.bias
module.sam2.image_encoder.trunk.blocks.12.mlp.layers.0.weight
module.sam2.image_encoder.trunk.blocks.12.mlp.layers.0.bias
module.sam2.image_encoder.trunk.blocks.12.mlp.layers.1.weight
module.sam2.image_encoder.trunk.blocks.12.mlp.layers.1.bias
module.sam2.image_encoder.trunk.blocks.13.norm1.weight
module.sam2.image_encoder.trunk.blocks.13.norm1.bias
module.sam2.image_encoder.trunk.blocks.13.attn.qkv.weight
module.sam2.image_encoder.trunk.blocks.13.attn.qkv.bias
module.sam2.image_encoder.trunk.blocks.13.attn.proj.weight
module.sam2.image_encoder.trunk.blocks.13.attn.proj.bias
module.sam2.image_encoder.trunk.blocks.13.norm2.weight
module.sam2.image_encoder.trunk.blocks.13.norm2.bias
module.sam2.image_encoder.trunk.blocks.13.mlp.layers.0.weight
module.sam2.image_encoder.trunk.blocks.13.mlp.layers.0.bias
module.sam2.image_encoder.trunk.blocks.13.mlp.layers.1.weight
module.sam2.image_encoder.trunk.blocks.13.mlp.layers.1.bias
module.sam2.image_encoder.trunk.blocks.14.norm1.weight
module.sam2.image_encoder.trunk.blocks.14.norm1.bias
module.sam2.image_encoder.trunk.blocks.14.attn.qkv.weight
module.sam2.image_encoder.trunk.blocks.14.attn.qkv.bias
module.sam2.image_encoder.trunk.blocks.14.attn.proj.weight
module.sam2.image_encoder.trunk.blocks.14.attn.proj.bias
module.sam2.image_encoder.trunk.blocks.14.norm2.weight
module.sam2.image_encoder.trunk.blocks.14.norm2.bias
module.sam2.image_encoder.trunk.blocks.14.mlp.layers.0.weight
module.sam2.image_encoder.trunk.blocks.14.mlp.layers.0.bias
module.sam2.image_encoder.trunk.blocks.14.mlp.layers.1.weight
module.sam2.image_encoder.trunk.blocks.14.mlp.layers.1.bias
module.sam2.image_encoder.trunk.blocks.15.norm1.weight
module.sam2.image_encoder.trunk.blocks.15.norm1.bias
module.sam2.image_encoder.trunk.blocks.15.attn.qkv.weight
module.sam2.image_encoder.trunk.blocks.15.attn.qkv.bias
module.sam2.image_encoder.trunk.blocks.15.attn.proj.weight
module.sam2.image_encoder.trunk.blocks.15.attn.proj.bias
module.sam2.image_encoder.trunk.blocks.15.norm2.weight
module.sam2.image_encoder.trunk.blocks.15.norm2.bias
module.sam2.image_encoder.trunk.blocks.15.mlp.layers.0.weight
module.sam2.image_encoder.trunk.blocks.15.mlp.layers.0.bias
module.sam2.image_encoder.trunk.blocks.15.mlp.layers.1.weight
module.sam2.image_encoder.trunk.blocks.15.mlp.layers.1.bias
module.sam2.image_encoder.trunk.blocks.16.norm1.weight
module.sam2.image_encoder.trunk.blocks.16.norm1.bias
module.sam2.image_encoder.trunk.blocks.16.attn.qkv.weight
module.sam2.image_encoder.trunk.blocks.16.attn.qkv.bias
module.sam2.image_encoder.trunk.blocks.16.attn.proj.weight
module.sam2.image_encoder.trunk.blocks.16.attn.proj.bias
module.sam2.image_encoder.trunk.blocks.16.norm2.weight
module.sam2.image_encoder.trunk.blocks.16.norm2.bias
module.sam2.image_encoder.trunk.blocks.16.mlp.layers.0.weight
module.sam2.image_encoder.trunk.blocks.16.mlp.layers.0.bias
module.sam2.image_encoder.trunk.blocks.16.mlp.layers.1.weight
module.sam2.image_encoder.trunk.blocks.16.mlp.layers.1.bias
module.sam2.image_encoder.trunk.blocks.17.norm1.weight
module.sam2.image_encoder.trunk.blocks.17.norm1.bias
module.sam2.image_encoder.trunk.blocks.17.attn.qkv.weight
module.sam2.image_encoder.trunk.blocks.17.attn.qkv.bias
module.sam2.image_encoder.trunk.blocks.17.attn.proj.weight
module.sam2.image_encoder.trunk.blocks.17.attn.proj.bias
module.sam2.image_encoder.trunk.blocks.17.norm2.weight
module.sam2.image_encoder.trunk.blocks.17.norm2.bias
module.sam2.image_encoder.trunk.blocks.17.mlp.layers.0.weight
module.sam2.image_encoder.trunk.blocks.17.mlp.layers.0.bias
module.sam2.image_encoder.trunk.blocks.17.mlp.layers.1.weight
module.sam2.image_encoder.trunk.blocks.17.mlp.layers.1.bias
module.sam2.image_encoder.trunk.blocks.18.norm1.weight
module.sam2.image_encoder.trunk.blocks.18.norm1.bias
module.sam2.image_encoder.trunk.blocks.18.attn.qkv.weight
module.sam2.image_encoder.trunk.blocks.18.attn.qkv.bias
module.sam2.image_encoder.trunk.blocks.18.attn.proj.weight
module.sam2.image_encoder.trunk.blocks.18.attn.proj.bias
module.sam2.image_encoder.trunk.blocks.18.norm2.weight
module.sam2.image_encoder.trunk.blocks.18.norm2.bias
module.sam2.image_encoder.trunk.blocks.18.mlp.layers.0.weight
module.sam2.image_encoder.trunk.blocks.18.mlp.layers.0.bias
module.sam2.image_encoder.trunk.blocks.18.mlp.layers.1.weight
module.sam2.image_encoder.trunk.blocks.18.mlp.layers.1.bias
module.sam2.image_encoder.trunk.blocks.19.norm1.weight
module.sam2.image_encoder.trunk.blocks.19.norm1.bias
module.sam2.image_encoder.trunk.blocks.19.attn.qkv.weight
module.sam2.image_encoder.trunk.blocks.19.attn.qkv.bias
module.sam2.image_encoder.trunk.blocks.19.attn.proj.weight
module.sam2.image_encoder.trunk.blocks.19.attn.proj.bias
module.sam2.image_encoder.trunk.blocks.19.norm2.weight
module.sam2.image_encoder.trunk.blocks.19.norm2.bias
module.sam2.image_encoder.trunk.blocks.19.mlp.layers.0.weight
module.sam2.image_encoder.trunk.blocks.19.mlp.layers.0.bias
module.sam2.image_encoder.trunk.blocks.19.mlp.layers.1.weight
module.sam2.image_encoder.trunk.blocks.19.mlp.layers.1.bias
module.sam2.image_encoder.trunk.blocks.20.norm1.weight
module.sam2.image_encoder.trunk.blocks.20.norm1.bias
module.sam2.image_encoder.trunk.blocks.20.attn.qkv.weight
module.sam2.image_encoder.trunk.blocks.20.attn.qkv.bias
module.sam2.image_encoder.trunk.blocks.20.attn.proj.weight
module.sam2.image_encoder.trunk.blocks.20.attn.proj.bias
module.sam2.image_encoder.trunk.blocks.20.norm2.weight
module.sam2.image_encoder.trunk.blocks.20.norm2.bias
module.sam2.image_encoder.trunk.blocks.20.mlp.layers.0.weight
module.sam2.image_encoder.trunk.blocks.20.mlp.layers.0.bias
module.sam2.image_encoder.trunk.blocks.20.mlp.layers.1.weight
module.sam2.image_encoder.trunk.blocks.20.mlp.layers.1.bias
module.sam2.image_encoder.trunk.blocks.21.norm1.weight
module.sam2.image_encoder.trunk.blocks.21.norm1.bias
module.sam2.image_encoder.trunk.blocks.21.attn.qkv.weight
module.sam2.image_encoder.trunk.blocks.21.attn.qkv.bias
module.sam2.image_encoder.trunk.blocks.21.attn.proj.weight
module.sam2.image_encoder.trunk.blocks.21.attn.proj.bias
module.sam2.image_encoder.trunk.blocks.21.norm2.weight
module.sam2.image_encoder.trunk.blocks.21.norm2.bias
module.sam2.image_encoder.trunk.blocks.21.mlp.layers.0.weight
module.sam2.image_encoder.trunk.blocks.21.mlp.layers.0.bias
module.sam2.image_encoder.trunk.blocks.21.mlp.layers.1.weight
module.sam2.image_encoder.trunk.blocks.21.mlp.layers.1.bias
module.sam2.image_encoder.trunk.blocks.22.norm1.weight
module.sam2.image_encoder.trunk.blocks.22.norm1.bias
module.sam2.image_encoder.trunk.blocks.22.attn.qkv.weight
module.sam2.image_encoder.trunk.blocks.22.attn.qkv.bias
module.sam2.image_encoder.trunk.blocks.22.attn.proj.weight
module.sam2.image_encoder.trunk.blocks.22.attn.proj.bias
module.sam2.image_encoder.trunk.blocks.22.norm2.weight
module.sam2.image_encoder.trunk.blocks.22.norm2.bias
module.sam2.image_encoder.trunk.blocks.22.mlp.layers.0.weight
module.sam2.image_encoder.trunk.blocks.22.mlp.layers.0.bias
module.sam2.image_encoder.trunk.blocks.22.mlp.layers.1.weight
module.sam2.image_encoder.trunk.blocks.22.mlp.layers.1.bias
module.sam2.image_encoder.trunk.blocks.23.norm1.weight
module.sam2.image_encoder.trunk.blocks.23.norm1.bias
module.sam2.image_encoder.trunk.blocks.23.attn.qkv.weight
module.sam2.image_encoder.trunk.blocks.23.attn.qkv.bias
module.sam2.image_encoder.trunk.blocks.23.attn.proj.weight
module.sam2.image_encoder.trunk.blocks.23.attn.proj.bias
module.sam2.image_encoder.trunk.blocks.23.norm2.weight
module.sam2.image_encoder.trunk.blocks.23.norm2.bias
module.sam2.image_encoder.trunk.blocks.23.mlp.layers.0.weight
module.sam2.image_encoder.trunk.blocks.23.mlp.layers.0.bias
module.sam2.image_encoder.trunk.blocks.23.mlp.layers.1.weight
module.sam2.image_encoder.trunk.blocks.23.mlp.layers.1.bias
module.sam2.image_encoder.trunk.blocks.24.norm1.weight
module.sam2.image_encoder.trunk.blocks.24.norm1.bias
module.sam2.image_encoder.trunk.blocks.24.attn.qkv.weight
module.sam2.image_encoder.trunk.blocks.24.attn.qkv.bias
module.sam2.image_encoder.trunk.blocks.24.attn.proj.weight
module.sam2.image_encoder.trunk.blocks.24.attn.proj.bias
module.sam2.image_encoder.trunk.blocks.24.norm2.weight
module.sam2.image_encoder.trunk.blocks.24.norm2.bias
module.sam2.image_encoder.trunk.blocks.24.mlp.layers.0.weight
module.sam2.image_encoder.trunk.blocks.24.mlp.layers.0.bias
module.sam2.image_encoder.trunk.blocks.24.mlp.layers.1.weight
module.sam2.image_encoder.trunk.blocks.24.mlp.layers.1.bias
module.sam2.image_encoder.trunk.blocks.25.norm1.weight
module.sam2.image_encoder.trunk.blocks.25.norm1.bias
module.sam2.image_encoder.trunk.blocks.25.attn.qkv.weight
module.sam2.image_encoder.trunk.blocks.25.attn.qkv.bias
module.sam2.image_encoder.trunk.blocks.25.attn.proj.weight
module.sam2.image_encoder.trunk.blocks.25.attn.proj.bias
module.sam2.image_encoder.trunk.blocks.25.norm2.weight
module.sam2.image_encoder.trunk.blocks.25.norm2.bias
module.sam2.image_encoder.trunk.blocks.25.mlp.layers.0.weight
module.sam2.image_encoder.trunk.blocks.25.mlp.layers.0.bias
module.sam2.image_encoder.trunk.blocks.25.mlp.layers.1.weight
module.sam2.image_encoder.trunk.blocks.25.mlp.layers.1.bias
module.sam2.image_encoder.trunk.blocks.26.norm1.weight
module.sam2.image_encoder.trunk.blocks.26.norm1.bias
module.sam2.image_encoder.trunk.blocks.26.attn.qkv.weight
module.sam2.image_encoder.trunk.blocks.26.attn.qkv.bias
module.sam2.image_encoder.trunk.blocks.26.attn.proj.weight
module.sam2.image_encoder.trunk.blocks.26.attn.proj.bias
module.sam2.image_encoder.trunk.blocks.26.norm2.weight
module.sam2.image_encoder.trunk.blocks.26.norm2.bias
module.sam2.image_encoder.trunk.blocks.26.mlp.layers.0.weight
module.sam2.image_encoder.trunk.blocks.26.mlp.layers.0.bias
module.sam2.image_encoder.trunk.blocks.26.mlp.layers.1.weight
module.sam2.image_encoder.trunk.blocks.26.mlp.layers.1.bias
module.sam2.image_encoder.trunk.blocks.27.norm1.weight
module.sam2.image_encoder.trunk.blocks.27.norm1.bias
module.sam2.image_encoder.trunk.blocks.27.attn.qkv.weight
module.sam2.image_encoder.trunk.blocks.27.attn.qkv.bias
module.sam2.image_encoder.trunk.blocks.27.attn.proj.weight
module.sam2.image_encoder.trunk.blocks.27.attn.proj.bias
module.sam2.image_encoder.trunk.blocks.27.norm2.weight
module.sam2.image_encoder.trunk.blocks.27.norm2.bias
module.sam2.image_encoder.trunk.blocks.27.mlp.layers.0.weight
module.sam2.image_encoder.trunk.blocks.27.mlp.layers.0.bias
module.sam2.image_encoder.trunk.blocks.27.mlp.layers.1.weight
module.sam2.image_encoder.trunk.blocks.27.mlp.layers.1.bias
module.sam2.image_encoder.trunk.blocks.28.norm1.weight
module.sam2.image_encoder.trunk.blocks.28.norm1.bias
module.sam2.image_encoder.trunk.blocks.28.attn.qkv.weight
module.sam2.image_encoder.trunk.blocks.28.attn.qkv.bias
module.sam2.image_encoder.trunk.blocks.28.attn.proj.weight
module.sam2.image_encoder.trunk.blocks.28.attn.proj.bias
module.sam2.image_encoder.trunk.blocks.28.norm2.weight
module.sam2.image_encoder.trunk.blocks.28.norm2.bias
module.sam2.image_encoder.trunk.blocks.28.mlp.layers.0.weight
module.sam2.image_encoder.trunk.blocks.28.mlp.layers.0.bias
module.sam2.image_encoder.trunk.blocks.28.mlp.layers.1.weight
module.sam2.image_encoder.trunk.blocks.28.mlp.layers.1.bias
module.sam2.image_encoder.trunk.blocks.29.norm1.weight
module.sam2.image_encoder.trunk.blocks.29.norm1.bias
module.sam2.image_encoder.trunk.blocks.29.attn.qkv.weight
module.sam2.image_encoder.trunk.blocks.29.attn.qkv.bias
module.sam2.image_encoder.trunk.blocks.29.attn.proj.weight
module.sam2.image_encoder.trunk.blocks.29.attn.proj.bias
module.sam2.image_encoder.trunk.blocks.29.norm2.weight
module.sam2.image_encoder.trunk.blocks.29.norm2.bias
module.sam2.image_encoder.trunk.blocks.29.mlp.layers.0.weight
module.sam2.image_encoder.trunk.blocks.29.mlp.layers.0.bias
module.sam2.image_encoder.trunk.blocks.29.mlp.layers.1.weight
module.sam2.image_encoder.trunk.blocks.29.mlp.layers.1.bias
module.sam2.image_encoder.trunk.blocks.30.norm1.weight
module.sam2.image_encoder.trunk.blocks.30.norm1.bias
module.sam2.image_encoder.trunk.blocks.30.attn.qkv.weight
module.sam2.image_encoder.trunk.blocks.30.attn.qkv.bias
module.sam2.image_encoder.trunk.blocks.30.attn.proj.weight
module.sam2.image_encoder.trunk.blocks.30.attn.proj.bias
module.sam2.image_encoder.trunk.blocks.30.norm2.weight
module.sam2.image_encoder.trunk.blocks.30.norm2.bias
module.sam2.image_encoder.trunk.blocks.30.mlp.layers.0.weight
module.sam2.image_encoder.trunk.blocks.30.mlp.layers.0.bias
module.sam2.image_encoder.trunk.blocks.30.mlp.layers.1.weight
module.sam2.image_encoder.trunk.blocks.30.mlp.layers.1.bias
module.sam2.image_encoder.trunk.blocks.31.norm1.weight
module.sam2.image_encoder.trunk.blocks.31.norm1.bias
module.sam2.image_encoder.trunk.blocks.31.attn.qkv.weight
module.sam2.image_encoder.trunk.blocks.31.attn.qkv.bias
module.sam2.image_encoder.trunk.blocks.31.attn.proj.weight
module.sam2.image_encoder.trunk.blocks.31.attn.proj.bias
module.sam2.image_encoder.trunk.blocks.31.norm2.weight
module.sam2.image_encoder.trunk.blocks.31.norm2.bias
module.sam2.image_encoder.trunk.blocks.31.mlp.layers.0.weight
module.sam2.image_encoder.trunk.blocks.31.mlp.layers.0.bias
module.sam2.image_encoder.trunk.blocks.31.mlp.layers.1.weight
module.sam2.image_encoder.trunk.blocks.31.mlp.layers.1.bias
module.sam2.image_encoder.trunk.blocks.32.norm1.weight
module.sam2.image_encoder.trunk.blocks.32.norm1.bias
module.sam2.image_encoder.trunk.blocks.32.attn.qkv.weight
module.sam2.image_encoder.trunk.blocks.32.attn.qkv.bias
module.sam2.image_encoder.trunk.blocks.32.attn.proj.weight
module.sam2.image_encoder.trunk.blocks.32.attn.proj.bias
module.sam2.image_encoder.trunk.blocks.32.norm2.weight
module.sam2.image_encoder.trunk.blocks.32.norm2.bias
module.sam2.image_encoder.trunk.blocks.32.mlp.layers.0.weight
module.sam2.image_encoder.trunk.blocks.32.mlp.layers.0.bias
module.sam2.image_encoder.trunk.blocks.32.mlp.layers.1.weight
module.sam2.image_encoder.trunk.blocks.32.mlp.layers.1.bias
module.sam2.image_encoder.trunk.blocks.33.norm1.weight
module.sam2.image_encoder.trunk.blocks.33.norm1.bias
module.sam2.image_encoder.trunk.blocks.33.attn.qkv.weight
module.sam2.image_encoder.trunk.blocks.33.attn.qkv.bias
module.sam2.image_encoder.trunk.blocks.33.attn.proj.weight
module.sam2.image_encoder.trunk.blocks.33.attn.proj.bias
module.sam2.image_encoder.trunk.blocks.33.norm2.weight
module.sam2.image_encoder.trunk.blocks.33.norm2.bias
module.sam2.image_encoder.trunk.blocks.33.mlp.layers.0.weight
module.sam2.image_encoder.trunk.blocks.33.mlp.layers.0.bias
module.sam2.image_encoder.trunk.blocks.33.mlp.layers.1.weight
module.sam2.image_encoder.trunk.blocks.33.mlp.layers.1.bias
module.sam2.image_encoder.trunk.blocks.34.norm1.weight
module.sam2.image_encoder.trunk.blocks.34.norm1.bias
module.sam2.image_encoder.trunk.blocks.34.attn.qkv.weight
module.sam2.image_encoder.trunk.blocks.34.attn.qkv.bias
module.sam2.image_encoder.trunk.blocks.34.attn.proj.weight
module.sam2.image_encoder.trunk.blocks.34.attn.proj.bias
module.sam2.image_encoder.trunk.blocks.34.norm2.weight
module.sam2.image_encoder.trunk.blocks.34.norm2.bias
module.sam2.image_encoder.trunk.blocks.34.mlp.layers.0.weight
module.sam2.image_encoder.trunk.blocks.34.mlp.layers.0.bias
module.sam2.image_encoder.trunk.blocks.34.mlp.layers.1.weight
module.sam2.image_encoder.trunk.blocks.34.mlp.layers.1.bias
module.sam2.image_encoder.trunk.blocks.35.norm1.weight
module.sam2.image_encoder.trunk.blocks.35.norm1.bias
module.sam2.image_encoder.trunk.blocks.35.attn.qkv.weight
module.sam2.image_encoder.trunk.blocks.35.attn.qkv.bias
module.sam2.image_encoder.trunk.blocks.35.attn.proj.weight
module.sam2.image_encoder.trunk.blocks.35.attn.proj.bias
module.sam2.image_encoder.trunk.blocks.35.norm2.weight
module.sam2.image_encoder.trunk.blocks.35.norm2.bias
module.sam2.image_encoder.trunk.blocks.35.mlp.layers.0.weight
module.sam2.image_encoder.trunk.blocks.35.mlp.layers.0.bias
module.sam2.image_encoder.trunk.blocks.35.mlp.layers.1.weight
module.sam2.image_encoder.trunk.blocks.35.mlp.layers.1.bias
module.sam2.image_encoder.trunk.blocks.36.norm1.weight
module.sam2.image_encoder.trunk.blocks.36.norm1.bias
module.sam2.image_encoder.trunk.blocks.36.attn.qkv.weight
module.sam2.image_encoder.trunk.blocks.36.attn.qkv.bias
module.sam2.image_encoder.trunk.blocks.36.attn.proj.weight
module.sam2.image_encoder.trunk.blocks.36.attn.proj.bias
module.sam2.image_encoder.trunk.blocks.36.norm2.weight
module.sam2.image_encoder.trunk.blocks.36.norm2.bias
module.sam2.image_encoder.trunk.blocks.36.mlp.layers.0.weight
module.sam2.image_encoder.trunk.blocks.36.mlp.layers.0.bias
module.sam2.image_encoder.trunk.blocks.36.mlp.layers.1.weight
module.sam2.image_encoder.trunk.blocks.36.mlp.layers.1.bias
module.sam2.image_encoder.trunk.blocks.37.norm1.weight
module.sam2.image_encoder.trunk.blocks.37.norm1.bias
module.sam2.image_encoder.trunk.blocks.37.attn.qkv.weight
module.sam2.image_encoder.trunk.blocks.37.attn.qkv.bias
module.sam2.image_encoder.trunk.blocks.37.attn.proj.weight
module.sam2.image_encoder.trunk.blocks.37.attn.proj.bias
module.sam2.image_encoder.trunk.blocks.37.norm2.weight
module.sam2.image_encoder.trunk.blocks.37.norm2.bias
module.sam2.image_encoder.trunk.blocks.37.mlp.layers.0.weight
module.sam2.image_encoder.trunk.blocks.37.mlp.layers.0.bias
module.sam2.image_encoder.trunk.blocks.37.mlp.layers.1.weight
module.sam2.image_encoder.trunk.blocks.37.mlp.layers.1.bias
module.sam2.image_encoder.trunk.blocks.38.norm1.weight
module.sam2.image_encoder.trunk.blocks.38.norm1.bias
module.sam2.image_encoder.trunk.blocks.38.attn.qkv.weight
module.sam2.image_encoder.trunk.blocks.38.attn.qkv.bias
module.sam2.image_encoder.trunk.blocks.38.attn.proj.weight
module.sam2.image_encoder.trunk.blocks.38.attn.proj.bias
module.sam2.image_encoder.trunk.blocks.38.norm2.weight
module.sam2.image_encoder.trunk.blocks.38.norm2.bias
module.sam2.image_encoder.trunk.blocks.38.mlp.layers.0.weight
module.sam2.image_encoder.trunk.blocks.38.mlp.layers.0.bias
module.sam2.image_encoder.trunk.blocks.38.mlp.layers.1.weight
module.sam2.image_encoder.trunk.blocks.38.mlp.layers.1.bias
module.sam2.image_encoder.trunk.blocks.39.norm1.weight
module.sam2.image_encoder.trunk.blocks.39.norm1.bias
module.sam2.image_encoder.trunk.blocks.39.attn.qkv.weight
module.sam2.image_encoder.trunk.blocks.39.attn.qkv.bias
module.sam2.image_encoder.trunk.blocks.39.attn.proj.weight
module.sam2.image_encoder.trunk.blocks.39.attn.proj.bias
module.sam2.image_encoder.trunk.blocks.39.norm2.weight
module.sam2.image_encoder.trunk.blocks.39.norm2.bias
module.sam2.image_encoder.trunk.blocks.39.mlp.layers.0.weight
module.sam2.image_encoder.trunk.blocks.39.mlp.layers.0.bias
module.sam2.image_encoder.trunk.blocks.39.mlp.layers.1.weight
module.sam2.image_encoder.trunk.blocks.39.mlp.layers.1.bias
module.sam2.image_encoder.trunk.blocks.40.norm1.weight
module.sam2.image_encoder.trunk.blocks.40.norm1.bias
module.sam2.image_encoder.trunk.blocks.40.attn.qkv.weight
module.sam2.image_encoder.trunk.blocks.40.attn.qkv.bias
module.sam2.image_encoder.trunk.blocks.40.attn.proj.weight
module.sam2.image_encoder.trunk.blocks.40.attn.proj.bias
module.sam2.image_encoder.trunk.blocks.40.norm2.weight
module.sam2.image_encoder.trunk.blocks.40.norm2.bias
module.sam2.image_encoder.trunk.blocks.40.mlp.layers.0.weight
module.sam2.image_encoder.trunk.blocks.40.mlp.layers.0.bias
module.sam2.image_encoder.trunk.blocks.40.mlp.layers.1.weight
module.sam2.image_encoder.trunk.blocks.40.mlp.layers.1.bias
module.sam2.image_encoder.trunk.blocks.41.norm1.weight
module.sam2.image_encoder.trunk.blocks.41.norm1.bias
module.sam2.image_encoder.trunk.blocks.41.attn.qkv.weight
module.sam2.image_encoder.trunk.blocks.41.attn.qkv.bias
module.sam2.image_encoder.trunk.blocks.41.attn.proj.weight
module.sam2.image_encoder.trunk.blocks.41.attn.proj.bias
module.sam2.image_encoder.trunk.blocks.41.norm2.weight
module.sam2.image_encoder.trunk.blocks.41.norm2.bias
module.sam2.image_encoder.trunk.blocks.41.mlp.layers.0.weight
module.sam2.image_encoder.trunk.blocks.41.mlp.layers.0.bias
module.sam2.image_encoder.trunk.blocks.41.mlp.layers.1.weight
module.sam2.image_encoder.trunk.blocks.41.mlp.layers.1.bias
module.sam2.image_encoder.trunk.blocks.42.norm1.weight
module.sam2.image_encoder.trunk.blocks.42.norm1.bias
module.sam2.image_encoder.trunk.blocks.42.attn.qkv.weight
module.sam2.image_encoder.trunk.blocks.42.attn.qkv.bias
module.sam2.image_encoder.trunk.blocks.42.attn.proj.weight
module.sam2.image_encoder.trunk.blocks.42.attn.proj.bias
module.sam2.image_encoder.trunk.blocks.42.norm2.weight
module.sam2.image_encoder.trunk.blocks.42.norm2.bias
module.sam2.image_encoder.trunk.blocks.42.mlp.layers.0.weight
module.sam2.image_encoder.trunk.blocks.42.mlp.layers.0.bias
module.sam2.image_encoder.trunk.blocks.42.mlp.layers.1.weight
module.sam2.image_encoder.trunk.blocks.42.mlp.layers.1.bias
module.sam2.image_encoder.trunk.blocks.43.norm1.weight
module.sam2.image_encoder.trunk.blocks.43.norm1.bias
module.sam2.image_encoder.trunk.blocks.43.attn.qkv.weight
module.sam2.image_encoder.trunk.blocks.43.attn.qkv.bias
module.sam2.image_encoder.trunk.blocks.43.attn.proj.weight
module.sam2.image_encoder.trunk.blocks.43.attn.proj.bias
module.sam2.image_encoder.trunk.blocks.43.norm2.weight
module.sam2.image_encoder.trunk.blocks.43.norm2.bias
module.sam2.image_encoder.trunk.blocks.43.mlp.layers.0.weight
module.sam2.image_encoder.trunk.blocks.43.mlp.layers.0.bias
module.sam2.image_encoder.trunk.blocks.43.mlp.layers.1.weight
module.sam2.image_encoder.trunk.blocks.43.mlp.layers.1.bias
module.sam2.image_encoder.trunk.blocks.44.norm1.weight
module.sam2.image_encoder.trunk.blocks.44.norm1.bias
module.sam2.image_encoder.trunk.blocks.44.attn.qkv.weight
module.sam2.image_encoder.trunk.blocks.44.attn.qkv.bias
module.sam2.image_encoder.trunk.blocks.44.attn.proj.weight
module.sam2.image_encoder.trunk.blocks.44.attn.proj.bias
module.sam2.image_encoder.trunk.blocks.44.norm2.weight
module.sam2.image_encoder.trunk.blocks.44.norm2.bias
module.sam2.image_encoder.trunk.blocks.44.mlp.layers.0.weight
module.sam2.image_encoder.trunk.blocks.44.mlp.layers.0.bias
module.sam2.image_encoder.trunk.blocks.44.mlp.layers.1.weight
module.sam2.image_encoder.trunk.blocks.44.mlp.layers.1.bias
module.sam2.image_encoder.trunk.blocks.44.proj.weight
module.sam2.image_encoder.trunk.blocks.44.proj.bias
module.sam2.image_encoder.trunk.blocks.45.norm1.weight
module.sam2.image_encoder.trunk.blocks.45.norm1.bias
module.sam2.image_encoder.trunk.blocks.45.attn.qkv.weight
module.sam2.image_encoder.trunk.blocks.45.attn.qkv.bias
module.sam2.image_encoder.trunk.blocks.45.attn.proj.weight
module.sam2.image_encoder.trunk.blocks.45.attn.proj.bias
module.sam2.image_encoder.trunk.blocks.45.norm2.weight
module.sam2.image_encoder.trunk.blocks.45.norm2.bias
module.sam2.image_encoder.trunk.blocks.45.mlp.layers.0.weight
module.sam2.image_encoder.trunk.blocks.45.mlp.layers.0.bias
module.sam2.image_encoder.trunk.blocks.45.mlp.layers.1.weight
module.sam2.image_encoder.trunk.blocks.45.mlp.layers.1.bias
module.sam2.image_encoder.trunk.blocks.46.norm1.weight
module.sam2.image_encoder.trunk.blocks.46.norm1.bias
module.sam2.image_encoder.trunk.blocks.46.attn.qkv.weight
module.sam2.image_encoder.trunk.blocks.46.attn.qkv.bias
module.sam2.image_encoder.trunk.blocks.46.attn.proj.weight
module.sam2.image_encoder.trunk.blocks.46.attn.proj.bias
module.sam2.image_encoder.trunk.blocks.46.norm2.weight
module.sam2.image_encoder.trunk.blocks.46.norm2.bias
module.sam2.image_encoder.trunk.blocks.46.mlp.layers.0.weight
module.sam2.image_encoder.trunk.blocks.46.mlp.layers.0.bias
module.sam2.image_encoder.trunk.blocks.46.mlp.layers.1.weight
module.sam2.image_encoder.trunk.blocks.46.mlp.layers.1.bias
module.sam2.image_encoder.trunk.blocks.47.norm1.weight
module.sam2.image_encoder.trunk.blocks.47.norm1.bias
module.sam2.image_encoder.trunk.blocks.47.attn.qkv.weight
module.sam2.image_encoder.trunk.blocks.47.attn.qkv.bias
module.sam2.image_encoder.trunk.blocks.47.attn.proj.weight
module.sam2.image_encoder.trunk.blocks.47.attn.proj.bias
module.sam2.image_encoder.trunk.blocks.47.norm2.weight
module.sam2.image_encoder.trunk.blocks.47.norm2.bias
module.sam2.image_encoder.trunk.blocks.47.mlp.layers.0.weight
module.sam2.image_encoder.trunk.blocks.47.mlp.layers.0.bias
module.sam2.image_encoder.trunk.blocks.47.mlp.layers.1.weight
module.sam2.image_encoder.trunk.blocks.47.mlp.layers.1.bias
module.sam2.image_encoder.neck.convs.0.conv.weight
module.sam2.image_encoder.neck.convs.0.conv.bias
module.sam2.image_encoder.neck.convs.1.conv.weight
module.sam2.image_encoder.neck.convs.1.conv.bias
module.sam2.image_encoder.neck.convs.2.conv.weight
module.sam2.image_encoder.neck.convs.2.conv.bias
module.sam2.image_encoder.neck.convs.3.conv.weight
module.sam2.image_encoder.neck.convs.3.conv.bias
module.sam2.mask_downsample.weight
module.sam2.mask_downsample.bias
module.sam2.memory_attention.layers.0.self_attn.q_proj.weight
module.sam2.memory_attention.layers.0.self_attn.q_proj.bias
module.sam2.memory_attention.layers.0.self_attn.k_proj.weight
module.sam2.memory_attention.layers.0.self_attn.k_proj.bias
module.sam2.memory_attention.layers.0.self_attn.v_proj.weight
module.sam2.memory_attention.layers.0.self_attn.v_proj.bias
module.sam2.memory_attention.layers.0.self_attn.out_proj.weight
module.sam2.memory_attention.layers.0.self_attn.out_proj.bias
module.sam2.memory_attention.layers.0.cross_attn_image.q_proj.weight
module.sam2.memory_attention.layers.0.cross_attn_image.q_proj.bias
module.sam2.memory_attention.layers.0.cross_attn_image.k_proj.weight
module.sam2.memory_attention.layers.0.cross_attn_image.k_proj.bias
module.sam2.memory_attention.layers.0.cross_attn_image.v_proj.weight
module.sam2.memory_attention.layers.0.cross_attn_image.v_proj.bias
module.sam2.memory_attention.layers.0.cross_attn_image.out_proj.weight
module.sam2.memory_attention.layers.0.cross_attn_image.out_proj.bias
module.sam2.memory_attention.layers.0.linear1.weight
module.sam2.memory_attention.layers.0.linear1.bias
module.sam2.memory_attention.layers.0.linear2.weight
module.sam2.memory_attention.layers.0.linear2.bias
module.sam2.memory_attention.layers.0.norm1.weight
module.sam2.memory_attention.layers.0.norm1.bias
module.sam2.memory_attention.layers.0.norm2.weight
module.sam2.memory_attention.layers.0.norm2.bias
module.sam2.memory_attention.layers.0.norm3.weight
module.sam2.memory_attention.layers.0.norm3.bias
module.sam2.memory_attention.layers.1.self_attn.q_proj.weight
module.sam2.memory_attention.layers.1.self_attn.q_proj.bias
module.sam2.memory_attention.layers.1.self_attn.k_proj.weight
module.sam2.memory_attention.layers.1.self_attn.k_proj.bias
module.sam2.memory_attention.layers.1.self_attn.v_proj.weight
module.sam2.memory_attention.layers.1.self_attn.v_proj.bias
module.sam2.memory_attention.layers.1.self_attn.out_proj.weight
module.sam2.memory_attention.layers.1.self_attn.out_proj.bias
module.sam2.memory_attention.layers.1.cross_attn_image.q_proj.weight
module.sam2.memory_attention.layers.1.cross_attn_image.q_proj.bias
module.sam2.memory_attention.layers.1.cross_attn_image.k_proj.weight
module.sam2.memory_attention.layers.1.cross_attn_image.k_proj.bias
module.sam2.memory_attention.layers.1.cross_attn_image.v_proj.weight
module.sam2.memory_attention.layers.1.cross_attn_image.v_proj.bias
module.sam2.memory_attention.layers.1.cross_attn_image.out_proj.weight
module.sam2.memory_attention.layers.1.cross_attn_image.out_proj.bias
module.sam2.memory_attention.layers.1.linear1.weight
module.sam2.memory_attention.layers.1.linear1.bias
module.sam2.memory_attention.layers.1.linear2.weight
module.sam2.memory_attention.layers.1.linear2.bias
module.sam2.memory_attention.layers.1.norm1.weight
module.sam2.memory_attention.layers.1.norm1.bias
module.sam2.memory_attention.layers.1.norm2.weight
module.sam2.memory_attention.layers.1.norm2.bias
module.sam2.memory_attention.layers.1.norm3.weight
module.sam2.memory_attention.layers.1.norm3.bias
module.sam2.memory_attention.layers.2.self_attn.q_proj.weight
module.sam2.memory_attention.layers.2.self_attn.q_proj.bias
module.sam2.memory_attention.layers.2.self_attn.k_proj.weight
module.sam2.memory_attention.layers.2.self_attn.k_proj.bias
module.sam2.memory_attention.layers.2.self_attn.v_proj.weight
module.sam2.memory_attention.layers.2.self_attn.v_proj.bias
module.sam2.memory_attention.layers.2.self_attn.out_proj.weight
module.sam2.memory_attention.layers.2.self_attn.out_proj.bias
module.sam2.memory_attention.layers.2.cross_attn_image.q_proj.weight
module.sam2.memory_attention.layers.2.cross_attn_image.q_proj.bias
module.sam2.memory_attention.layers.2.cross_attn_image.k_proj.weight
module.sam2.memory_attention.layers.2.cross_attn_image.k_proj.bias
module.sam2.memory_attention.layers.2.cross_attn_image.v_proj.weight
module.sam2.memory_attention.layers.2.cross_attn_image.v_proj.bias
module.sam2.memory_attention.layers.2.cross_attn_image.out_proj.weight
module.sam2.memory_attention.layers.2.cross_attn_image.out_proj.bias
module.sam2.memory_attention.layers.2.linear1.weight
module.sam2.memory_attention.layers.2.linear1.bias
module.sam2.memory_attention.layers.2.linear2.weight
module.sam2.memory_attention.layers.2.linear2.bias
module.sam2.memory_attention.layers.2.norm1.weight
module.sam2.memory_attention.layers.2.norm1.bias
module.sam2.memory_attention.layers.2.norm2.weight
module.sam2.memory_attention.layers.2.norm2.bias
module.sam2.memory_attention.layers.2.norm3.weight
module.sam2.memory_attention.layers.2.norm3.bias
module.sam2.memory_attention.layers.3.self_attn.q_proj.weight
module.sam2.memory_attention.layers.3.self_attn.q_proj.bias
module.sam2.memory_attention.layers.3.self_attn.k_proj.weight
module.sam2.memory_attention.layers.3.self_attn.k_proj.bias
module.sam2.memory_attention.layers.3.self_attn.v_proj.weight
module.sam2.memory_attention.layers.3.self_attn.v_proj.bias
module.sam2.memory_attention.layers.3.self_attn.out_proj.weight
module.sam2.memory_attention.layers.3.self_attn.out_proj.bias
module.sam2.memory_attention.layers.3.cross_attn_image.q_proj.weight
module.sam2.memory_attention.layers.3.cross_attn_image.q_proj.bias
module.sam2.memory_attention.layers.3.cross_attn_image.k_proj.weight
module.sam2.memory_attention.layers.3.cross_attn_image.k_proj.bias
module.sam2.memory_attention.layers.3.cross_attn_image.v_proj.weight
module.sam2.memory_attention.layers.3.cross_attn_image.v_proj.bias
module.sam2.memory_attention.layers.3.cross_attn_image.out_proj.weight
module.sam2.memory_attention.layers.3.cross_attn_image.out_proj.bias
module.sam2.memory_attention.layers.3.linear1.weight
module.sam2.memory_attention.layers.3.linear1.bias
module.sam2.memory_attention.layers.3.linear2.weight
module.sam2.memory_attention.layers.3.linear2.bias
module.sam2.memory_attention.layers.3.norm1.weight
module.sam2.memory_attention.layers.3.norm1.bias
module.sam2.memory_attention.layers.3.norm2.weight
module.sam2.memory_attention.layers.3.norm2.bias
module.sam2.memory_attention.layers.3.norm3.weight
module.sam2.memory_attention.layers.3.norm3.bias
module.sam2.memory_attention.norm.weight
module.sam2.memory_attention.norm.bias
module.sam2.memory_encoder.mask_downsampler.encoder.0.weight
module.sam2.memory_encoder.mask_downsampler.encoder.0.bias
module.sam2.memory_encoder.mask_downsampler.encoder.1.weight
module.sam2.memory_encoder.mask_downsampler.encoder.1.bias
module.sam2.memory_encoder.mask_downsampler.encoder.3.weight
module.sam2.memory_encoder.mask_downsampler.encoder.3.bias
module.sam2.memory_encoder.mask_downsampler.encoder.4.weight
module.sam2.memory_encoder.mask_downsampler.encoder.4.bias
module.sam2.memory_encoder.mask_downsampler.encoder.6.weight
module.sam2.memory_encoder.mask_downsampler.encoder.6.bias
module.sam2.memory_encoder.mask_downsampler.encoder.7.weight
module.sam2.memory_encoder.mask_downsampler.encoder.7.bias
module.sam2.memory_encoder.mask_downsampler.encoder.9.weight
module.sam2.memory_encoder.mask_downsampler.encoder.9.bias
module.sam2.memory_encoder.mask_downsampler.encoder.10.weight
module.sam2.memory_encoder.mask_downsampler.encoder.10.bias
module.sam2.memory_encoder.mask_downsampler.encoder.12.weight
module.sam2.memory_encoder.mask_downsampler.encoder.12.bias
module.sam2.memory_encoder.pix_feat_proj.weight
module.sam2.memory_encoder.pix_feat_proj.bias
module.sam2.memory_encoder.fuser.layers.0.gamma
module.sam2.memory_encoder.fuser.layers.0.dwconv.weight
module.sam2.memory_encoder.fuser.layers.0.dwconv.bias
module.sam2.memory_encoder.fuser.layers.0.norm.weight
module.sam2.memory_encoder.fuser.layers.0.norm.bias
module.sam2.memory_encoder.fuser.layers.0.pwconv1.weight
module.sam2.memory_encoder.fuser.layers.0.pwconv1.bias
module.sam2.memory_encoder.fuser.layers.0.pwconv2.weight
module.sam2.memory_encoder.fuser.layers.0.pwconv2.bias
module.sam2.memory_encoder.fuser.layers.1.gamma
module.sam2.memory_encoder.fuser.layers.1.dwconv.weight
module.sam2.memory_encoder.fuser.layers.1.dwconv.bias
module.sam2.memory_encoder.fuser.layers.1.norm.weight
module.sam2.memory_encoder.fuser.layers.1.norm.bias
module.sam2.memory_encoder.fuser.layers.1.pwconv1.weight
module.sam2.memory_encoder.fuser.layers.1.pwconv1.bias
module.sam2.memory_encoder.fuser.layers.1.pwconv2.weight
module.sam2.memory_encoder.fuser.layers.1.pwconv2.bias
module.sam2.memory_encoder.out_proj.weight
module.sam2.memory_encoder.out_proj.bias
module.sam2.sam_prompt_encoder.point_embeddings.0.weight
module.sam2.sam_prompt_encoder.point_embeddings.1.weight
module.sam2.sam_prompt_encoder.point_embeddings.2.weight
module.sam2.sam_prompt_encoder.point_embeddings.3.weight
module.sam2.sam_prompt_encoder.not_a_point_embed.weight
module.sam2.sam_prompt_encoder.mask_downscaling.0.weight
module.sam2.sam_prompt_encoder.mask_downscaling.0.bias
module.sam2.sam_prompt_encoder.mask_downscaling.1.weight
module.sam2.sam_prompt_encoder.mask_downscaling.1.bias
module.sam2.sam_prompt_encoder.mask_downscaling.3.weight
module.sam2.sam_prompt_encoder.mask_downscaling.3.bias
module.sam2.sam_prompt_encoder.mask_downscaling.4.weight
module.sam2.sam_prompt_encoder.mask_downscaling.4.bias
module.sam2.sam_prompt_encoder.mask_downscaling.6.weight
module.sam2.sam_prompt_encoder.mask_downscaling.6.bias
module.sam2.sam_prompt_encoder.no_mask_embed.weight
module.sam2.sam_mask_decoder.transformer.layers.0.self_attn.q_proj.weight
module.sam2.sam_mask_decoder.transformer.layers.0.self_attn.q_proj.bias
module.sam2.sam_mask_decoder.transformer.layers.0.self_attn.k_proj.weight
module.sam2.sam_mask_decoder.transformer.layers.0.self_attn.k_proj.bias
module.sam2.sam_mask_decoder.transformer.layers.0.self_attn.v_proj.weight
module.sam2.sam_mask_decoder.transformer.layers.0.self_attn.v_proj.bias
module.sam2.sam_mask_decoder.transformer.layers.0.self_attn.out_proj.weight
module.sam2.sam_mask_decoder.transformer.layers.0.self_attn.out_proj.bias
module.sam2.sam_mask_decoder.transformer.layers.0.norm1.weight
module.sam2.sam_mask_decoder.transformer.layers.0.norm1.bias
module.sam2.sam_mask_decoder.transformer.layers.0.cross_attn_token_to_image.q_proj.weight
module.sam2.sam_mask_decoder.transformer.layers.0.cross_attn_token_to_image.q_proj.bias
module.sam2.sam_mask_decoder.transformer.layers.0.cross_attn_token_to_image.k_proj.weight
module.sam2.sam_mask_decoder.transformer.layers.0.cross_attn_token_to_image.k_proj.bias
module.sam2.sam_mask_decoder.transformer.layers.0.cross_attn_token_to_image.v_proj.weight
module.sam2.sam_mask_decoder.transformer.layers.0.cross_attn_token_to_image.v_proj.bias
module.sam2.sam_mask_decoder.transformer.layers.0.cross_attn_token_to_image.out_proj.weight
module.sam2.sam_mask_decoder.transformer.layers.0.cross_attn_token_to_image.out_proj.bias
module.sam2.sam_mask_decoder.transformer.layers.0.norm2.weight
module.sam2.sam_mask_decoder.transformer.layers.0.norm2.bias
module.sam2.sam_mask_decoder.transformer.layers.0.mlp.layers.0.weight
module.sam2.sam_mask_decoder.transformer.layers.0.mlp.layers.0.bias
module.sam2.sam_mask_decoder.transformer.layers.0.mlp.layers.1.weight
module.sam2.sam_mask_decoder.transformer.layers.0.mlp.layers.1.bias
module.sam2.sam_mask_decoder.transformer.layers.0.norm3.weight
module.sam2.sam_mask_decoder.transformer.layers.0.norm3.bias
module.sam2.sam_mask_decoder.transformer.layers.0.norm4.weight
module.sam2.sam_mask_decoder.transformer.layers.0.norm4.bias
module.sam2.sam_mask_decoder.transformer.layers.0.cross_attn_image_to_token.q_proj.weight
module.sam2.sam_mask_decoder.transformer.layers.0.cross_attn_image_to_token.q_proj.bias
module.sam2.sam_mask_decoder.transformer.layers.0.cross_attn_image_to_token.k_proj.weight
module.sam2.sam_mask_decoder.transformer.layers.0.cross_attn_image_to_token.k_proj.bias
module.sam2.sam_mask_decoder.transformer.layers.0.cross_attn_image_to_token.v_proj.weight
module.sam2.sam_mask_decoder.transformer.layers.0.cross_attn_image_to_token.v_proj.bias
module.sam2.sam_mask_decoder.transformer.layers.0.cross_attn_image_to_token.out_proj.weight
module.sam2.sam_mask_decoder.transformer.layers.0.cross_attn_image_to_token.out_proj.bias
module.sam2.sam_mask_decoder.transformer.layers.1.self_attn.q_proj.weight
module.sam2.sam_mask_decoder.transformer.layers.1.self_attn.q_proj.bias
module.sam2.sam_mask_decoder.transformer.layers.1.self_attn.k_proj.weight
module.sam2.sam_mask_decoder.transformer.layers.1.self_attn.k_proj.bias
module.sam2.sam_mask_decoder.transformer.layers.1.self_attn.v_proj.weight
module.sam2.sam_mask_decoder.transformer.layers.1.self_attn.v_proj.bias
module.sam2.sam_mask_decoder.transformer.layers.1.self_attn.out_proj.weight
module.sam2.sam_mask_decoder.transformer.layers.1.self_attn.out_proj.bias
module.sam2.sam_mask_decoder.transformer.layers.1.norm1.weight
module.sam2.sam_mask_decoder.transformer.layers.1.norm1.bias
module.sam2.sam_mask_decoder.transformer.layers.1.cross_attn_token_to_image.q_proj.weight
module.sam2.sam_mask_decoder.transformer.layers.1.cross_attn_token_to_image.q_proj.bias
module.sam2.sam_mask_decoder.transformer.layers.1.cross_attn_token_to_image.k_proj.weight
module.sam2.sam_mask_decoder.transformer.layers.1.cross_attn_token_to_image.k_proj.bias
module.sam2.sam_mask_decoder.transformer.layers.1.cross_attn_token_to_image.v_proj.weight
module.sam2.sam_mask_decoder.transformer.layers.1.cross_attn_token_to_image.v_proj.bias
module.sam2.sam_mask_decoder.transformer.layers.1.cross_attn_token_to_image.out_proj.weight
module.sam2.sam_mask_decoder.transformer.layers.1.cross_attn_token_to_image.out_proj.bias
module.sam2.sam_mask_decoder.transformer.layers.1.norm2.weight
module.sam2.sam_mask_decoder.transformer.layers.1.norm2.bias
module.sam2.sam_mask_decoder.transformer.layers.1.mlp.layers.0.weight
module.sam2.sam_mask_decoder.transformer.layers.1.mlp.layers.0.bias
module.sam2.sam_mask_decoder.transformer.layers.1.mlp.layers.1.weight
module.sam2.sam_mask_decoder.transformer.layers.1.mlp.layers.1.bias
module.sam2.sam_mask_decoder.transformer.layers.1.norm3.weight
module.sam2.sam_mask_decoder.transformer.layers.1.norm3.bias
module.sam2.sam_mask_decoder.transformer.layers.1.norm4.weight
module.sam2.sam_mask_decoder.transformer.layers.1.norm4.bias
module.sam2.sam_mask_decoder.transformer.layers.1.cross_attn_image_to_token.q_proj.weight
module.sam2.sam_mask_decoder.transformer.layers.1.cross_attn_image_to_token.q_proj.bias
module.sam2.sam_mask_decoder.transformer.layers.1.cross_attn_image_to_token.k_proj.weight
module.sam2.sam_mask_decoder.transformer.layers.1.cross_attn_image_to_token.k_proj.bias
module.sam2.sam_mask_decoder.transformer.layers.1.cross_attn_image_to_token.v_proj.weight
module.sam2.sam_mask_decoder.transformer.layers.1.cross_attn_image_to_token.v_proj.bias
module.sam2.sam_mask_decoder.transformer.layers.1.cross_attn_image_to_token.out_proj.weight
module.sam2.sam_mask_decoder.transformer.layers.1.cross_attn_image_to_token.out_proj.bias
module.sam2.sam_mask_decoder.transformer.final_attn_token_to_image.q_proj.weight
module.sam2.sam_mask_decoder.transformer.final_attn_token_to_image.q_proj.bias
module.sam2.sam_mask_decoder.transformer.final_attn_token_to_image.k_proj.weight
module.sam2.sam_mask_decoder.transformer.final_attn_token_to_image.k_proj.bias
module.sam2.sam_mask_decoder.transformer.final_attn_token_to_image.v_proj.weight
module.sam2.sam_mask_decoder.transformer.final_attn_token_to_image.v_proj.bias
module.sam2.sam_mask_decoder.transformer.final_attn_token_to_image.out_proj.weight
module.sam2.sam_mask_decoder.transformer.final_attn_token_to_image.out_proj.bias
module.sam2.sam_mask_decoder.transformer.norm_final_attn.weight
module.sam2.sam_mask_decoder.transformer.norm_final_attn.bias
module.sam2.sam_mask_decoder.iou_token.weight
module.sam2.sam_mask_decoder.mask_tokens.weight
module.sam2.sam_mask_decoder.obj_score_token.weight
module.sam2.sam_mask_decoder.output_upscaling.0.weight
module.sam2.sam_mask_decoder.output_upscaling.0.bias
module.sam2.sam_mask_decoder.output_upscaling.1.weight
module.sam2.sam_mask_decoder.output_upscaling.1.bias
module.sam2.sam_mask_decoder.output_upscaling.3.weight
module.sam2.sam_mask_decoder.output_upscaling.3.bias
module.sam2.sam_mask_decoder.conv_s0.weight
module.sam2.sam_mask_decoder.conv_s0.bias
module.sam2.sam_mask_decoder.conv_s1.weight
module.sam2.sam_mask_decoder.conv_s1.bias
module.sam2.sam_mask_decoder.output_hypernetworks_mlps.0.layers.0.weight
module.sam2.sam_mask_decoder.output_hypernetworks_mlps.0.layers.0.bias
module.sam2.sam_mask_decoder.output_hypernetworks_mlps.0.layers.1.weight
module.sam2.sam_mask_decoder.output_hypernetworks_mlps.0.layers.1.bias
module.sam2.sam_mask_decoder.output_hypernetworks_mlps.0.layers.2.weight
module.sam2.sam_mask_decoder.output_hypernetworks_mlps.0.layers.2.bias
module.sam2.sam_mask_decoder.output_hypernetworks_mlps.1.layers.0.weight
module.sam2.sam_mask_decoder.output_hypernetworks_mlps.1.layers.0.bias
module.sam2.sam_mask_decoder.output_hypernetworks_mlps.1.layers.1.weight
module.sam2.sam_mask_decoder.output_hypernetworks_mlps.1.layers.1.bias
module.sam2.sam_mask_decoder.output_hypernetworks_mlps.1.layers.2.weight
module.sam2.sam_mask_decoder.output_hypernetworks_mlps.1.layers.2.bias
module.sam2.sam_mask_decoder.output_hypernetworks_mlps.2.layers.0.weight
module.sam2.sam_mask_decoder.output_hypernetworks_mlps.2.layers.0.bias
module.sam2.sam_mask_decoder.output_hypernetworks_mlps.2.layers.1.weight
module.sam2.sam_mask_decoder.output_hypernetworks_mlps.2.layers.1.bias
module.sam2.sam_mask_decoder.output_hypernetworks_mlps.2.layers.2.weight
module.sam2.sam_mask_decoder.output_hypernetworks_mlps.2.layers.2.bias
module.sam2.sam_mask_decoder.output_hypernetworks_mlps.3.layers.0.weight
module.sam2.sam_mask_decoder.output_hypernetworks_mlps.3.layers.0.bias
module.sam2.sam_mask_decoder.output_hypernetworks_mlps.3.layers.1.weight
module.sam2.sam_mask_decoder.output_hypernetworks_mlps.3.layers.1.bias
module.sam2.sam_mask_decoder.output_hypernetworks_mlps.3.layers.2.weight
module.sam2.sam_mask_decoder.output_hypernetworks_mlps.3.layers.2.bias
module.sam2.sam_mask_decoder.iou_prediction_head.layers.0.weight
module.sam2.sam_mask_decoder.iou_prediction_head.layers.0.bias
module.sam2.sam_mask_decoder.iou_prediction_head.layers.1.weight
module.sam2.sam_mask_decoder.iou_prediction_head.layers.1.bias
module.sam2.sam_mask_decoder.iou_prediction_head.layers.2.weight
module.sam2.sam_mask_decoder.iou_prediction_head.layers.2.bias
module.sam2.sam_mask_decoder.pred_obj_score_head.layers.0.weight
module.sam2.sam_mask_decoder.pred_obj_score_head.layers.0.bias
module.sam2.sam_mask_decoder.pred_obj_score_head.layers.1.weight
module.sam2.sam_mask_decoder.pred_obj_score_head.layers.1.bias
module.sam2.sam_mask_decoder.pred_obj_score_head.layers.2.weight
module.sam2.sam_mask_decoder.pred_obj_score_head.layers.2.bias
module.sam2.obj_ptr_proj.layers.0.weight
module.sam2.obj_ptr_proj.layers.0.bias
module.sam2.obj_ptr_proj.layers.1.weight
module.sam2.obj_ptr_proj.layers.1.bias
module.sam2.obj_ptr_proj.layers.2.weight
module.sam2.obj_ptr_proj.layers.2.bias
module.sam2.obj_ptr_tpos_proj.weight
module.sam2.obj_ptr_tpos_proj.bias
module.frame_queries.weight
module.frame_queires_embed.decoder_norm.weight
module.frame_queires_embed.decoder_norm.bias
module.frame_queires_embed.mask_embed.layers.0.weight
module.frame_queires_embed.mask_embed.layers.0.bias
module.frame_queires_embed.mask_embed.layers.1.weight
module.frame_queires_embed.mask_embed.layers.1.bias
module.frame_queires_embed.mask_embed.layers.2.weight
module.frame_queires_embed.mask_embed.layers.2.bias
module.video_queries.weight
module.frame2video_embed.0.weight
module.frame2video_embed.0.bias
module.video_queires_embed.decoder_norm.weight
module.video_queires_embed.decoder_norm.bias
module.video_queires_embed.mask_embed.layers.0.weight
module.video_queires_embed.mask_embed.layers.0.bias
module.video_queires_embed.mask_embed.layers.1.weight
module.video_queires_embed.mask_embed.layers.1.bias
module.video_queires_embed.mask_embed.layers.2.weight
module.video_queires_embed.mask_embed.layers.2.bias
module.video_cross_attention.linear_q.weight
module.video_cross_attention.linear_q.bias
module.video_cross_attention.linear_k.weight
module.video_cross_attention.linear_k.bias
module.video_cross_attention.linear_v.weight
module.video_cross_attention.linear_v.bias
module.transformer_cross_attention.linear_q.weight
module.transformer_cross_attention.linear_q.bias
module.transformer_cross_attention.linear_k.weight
module.transformer_cross_attention.linear_k.bias
module.transformer_cross_attention.linear_v.weight
module.transformer_cross_attention.linear_v.bias
module.transformer_self_attention.linear_q.weight
module.transformer_self_attention.linear_q.bias
module.transformer_self_attention.linear_k.weight
module.transformer_self_attention.linear_k.bias
module.transformer_self_attention.linear_v.weight
module.transformer_self_attention.linear_v.bias
module.transformer_ffn.0.weight
module.transformer_ffn.0.bias
module.transformer_ffn.1.weight
module.transformer_ffn.1.bias
module.memory_proj.0.weight
module.memory_proj.0.bias
module.memory_proj.1.weight
module.memory_proj.1.bias
module.memory_proj.3.weight
module.memory_proj.3.bias
module.sparse_embed.weight
module.sparse_embed.bias
module.sparse_embed_for_class.weight
module.sparse_embed_for_class.bias
Total optimized parameters: 1005
===============================================================
MVSeg SUMMARY
      baseline_mode: True
           orig_res: (320, 480)
           work_res: (1024, 1024)
   normalize_tensor: Compose(
    Normalize(mean=[0.485, 0.456, 0.406], std=[0.229, 0.224, 0.225])
)
        num_classes: 26
           colorize: <datasets.transform.Colorize object at 0x14a1140c4df0>
           backbone: sam_based
            augment: True
        random_crop: True
       use_orig_res: False
           interval: [3, 0]
        sample_rate: 3
  input_images_size: 2241
     gt_images_size: 2241
     ir_images_size: 2241
===============================================================
MVSeg SUMMARY
      baseline_mode: True
           orig_res: (320, 480)
           work_res: (1024, 1024)
   normalize_tensor: Compose(
    Normalize(mean=[0.485, 0.456, 0.406], std=[0.229, 0.224, 0.225])
)
        num_classes: 26
           colorize: <datasets.transform.Colorize object at 0x14a1140c4cd0>
           backbone: sam_based
            augment: False
        random_crop: True
       use_orig_res: False
           interval: [3, 0]
        sample_rate: 3
  input_images_size: 926
     gt_images_size: 926
     ir_images_size: 926
LEARNING RATE:  0.0002
----- TRAINING - EPOCH 1 -----
